<?xml version="1.0" encoding="UTF-8"?>
<testsuite xmlns:xsi="http://www.w3.org/2001/XMLSchema-instance" xsi:noNamespaceSchemaLocation="https://maven.apache.org/surefire/maven-surefire-plugin/xsd/surefire-test-report.xsd" version="3.0.2" name="code.github.shxrox.todo.TodoApplicationTests" time="34.14" tests="1" errors="0" skipped="0" failures="0">
  <properties>
[...]
</properties>
  <testcase name="contextLoads" classname="code.github.shxrox.todo.TodoApplicationTests" time="3.043">
    <system-out><![CDATA[18:44:08.150 [main] INFO org.springframework.test.context.support.AnnotationConfigContextLoaderUtils -- Could not detect default configuration classes for test class [code.github.shxrox.todo.TodoApplicationTests]: TodoApplicationTests does not declare any static, non-private, non-final, nested classes annotated with @Configuration.
18:44:09.487 [main] INFO org.springframework.boot.test.context.SpringBootTestContextBootstrapper -- Found @SpringBootConfiguration code.github.shxrox.todo.TodoApplication for test class code.github.shxrox.todo.TodoApplicationTests

  .   ____          _            __ _ _
 /\\ / ___'_ __ _ _(_)_ __  __ _ \ \ \ \
( ( )\___ | '_ | '_| | '_ \/ _` | \ \ \ \
 \\/  ___)| |_)| | | | | || (_| |  ) ) ) )
  '  |____| .__|_| |_|_| |_\__, | / / / /
 =========|_|==============|___/=/_/_/_/

 :: Spring Boot ::                (v3.4.2)

2025-02-19T18:44:12.778+05:30  INFO 2396 --- [Todo] [           main] c.g.shxrox.todo.TodoApplicationTests     : Starting TodoApplicationTests using Java 21.0.2 with PID 2396 (started by sharo in C:\Users\sharo\IdeaProjects\Todo)
2025-02-19T18:44:12.803+05:30  INFO 2396 --- [Todo] [           main] c.g.shxrox.todo.TodoApplicationTests     : No active profile set, falling back to 1 default profile: "default"
2025-02-19T18:44:17.675+05:30  INFO 2396 --- [Todo] [           main] .s.d.r.c.RepositoryConfigurationDelegate : Bootstrapping Spring Data JPA repositories in DEFAULT mode.
2025-02-19T18:44:17.924+05:30  INFO 2396 --- [Todo] [           main] .s.d.r.c.RepositoryConfigurationDelegate : Finished Spring Data repository scanning in 144 ms. Found 1 JPA repository interface.
2025-02-19T18:44:21.840+05:30  INFO 2396 --- [Todo] [           main] com.zaxxer.hikari.HikariDataSource       : HikariPool-1 - Starting...
2025-02-19T18:44:22.597+05:30  INFO 2396 --- [Todo] [           main] com.zaxxer.hikari.pool.HikariPool        : HikariPool-1 - Added connection conn0: url=jdbc:h2:mem:169e3e05-703e-498c-990f-abd59b7a25d7 user=SA
2025-02-19T18:44:22.603+05:30  INFO 2396 --- [Todo] [           main] com.zaxxer.hikari.HikariDataSource       : HikariPool-1 - Start completed.
2025-02-19T18:44:22.789+05:30  INFO 2396 --- [Todo] [           main] o.hibernate.jpa.internal.util.LogHelper  : HHH000204: Processing PersistenceUnitInfo [name: default]
2025-02-19T18:44:23.102+05:30  INFO 2396 --- [Todo] [           main] org.hibernate.Version                    : HHH000412: Hibernate ORM core version 6.6.5.Final
2025-02-19T18:44:23.212+05:30  INFO 2396 --- [Todo] [           main] o.h.c.internal.RegionFactoryInitiator    : HHH000026: Second-level cache disabled
2025-02-19T18:44:25.389+05:30  INFO 2396 --- [Todo] [           main] o.s.o.j.p.SpringPersistenceUnitInfo      : No LoadTimeWeaver setup: ignoring JPA class transformer
2025-02-19T18:44:25.619+05:30  WARN 2396 --- [Todo] [           main] org.hibernate.orm.deprecation            : HHH90000025: H2Dialect does not need to be specified explicitly using 'hibernate.dialect' (remove the property setting and it will be selected by default)
2025-02-19T18:44:25.689+05:30  INFO 2396 --- [Todo] [           main] org.hibernate.orm.connections.pooling    : HHH10001005: Database info:
	Database JDBC URL [Connecting through datasource 'HikariDataSource (HikariPool-1)']
	Database driver: undefined/unknown
	Database version: 2.3.232
	Autocommit mode: undefined/unknown
	Isolation level: undefined/unknown
	Minimum pool size: undefined/unknown
	Maximum pool size: undefined/unknown
2025-02-19T18:44:29.052+05:30  INFO 2396 --- [Todo] [           main] o.h.e.t.j.p.i.JtaPlatformInitiator       : HHH000489: No JTA platform available (set 'hibernate.transaction.jta.platform' to enable JTA platform integration)
Hibernate: drop table if exists todo cascade 
Hibernate: create table todo (completed boolean not null, id bigint generated by default as identity, title varchar(255), primary key (id))
2025-02-19T18:44:29.233+05:30  INFO 2396 --- [Todo] [           main] j.LocalContainerEntityManagerFactoryBean : Initialized JPA EntityManagerFactory for persistence unit 'default'
2025-02-19T18:44:34.824+05:30  WARN 2396 --- [Todo] [           main] JpaBaseConfiguration$JpaWebConfiguration : spring.jpa.open-in-view is enabled by default. Therefore, database queries may be performed during view rendering. Explicitly configure spring.jpa.open-in-view to disable this warning
2025-02-19T18:44:37.658+05:30  INFO 2396 --- [Todo] [           main] o.s.b.a.h2.H2ConsoleAutoConfiguration    : H2 console available at '/h2-console'. Database available at 'jdbc:h2:mem:169e3e05-703e-498c-990f-abd59b7a25d7'
2025-02-19T18:44:37.870+05:30  INFO 2396 --- [Todo] [           main] c.g.shxrox.todo.TodoApplicationTests     : Started TodoApplicationTests in 26.578 seconds (process running for 34.096)
]]></system-out>
    <system-err><![CDATA[Mockito is currently self-attaching to enable the inline-mock-maker. This will no longer work in future releases of the JDK. Please add Mockito as an agent to your build what is described in Mockito's documentation: https://javadoc.io/doc/org.mockito/mockito-core/latest/org/mockito/Mockito.html#0.3
WARNING: A Java agent has been loaded dynamically (C:\Users\sharo\.m2\repository\net\bytebuddy\byte-buddy-agent\1.15.11\byte-buddy-agent-1.15.11.jar)
WARNING: If a serviceability tool is in use, please run with -XX:+EnableDynamicAgentLoading to hide this warning
WARNING: If a serviceability tool is not in use, please run with -Djdk.instrument.traceUsage for more information
WARNING: Dynamic loading of agents will be disallowed by default in a future release
]]></system-err>
  </testcase>
</testsuite>